<?xml version="1.0" encoding="UTF-8"?>
<!-- Generated by org.testng.reporters.JUnitReportReporter -->
<testsuite hostname="ASHISH" failures="0" tests="1" name="SeleniumEasyDemo.CheckBoxTest" time="9.264" errors="0" timestamp="2020-05-08T18:58:40 IST" skipped="0">
  <testcase classname="SeleniumEasyDemo.CheckBoxTest" name="multipleCheckBoxDemo" time="9.264"/>
  <system-out/>
</testsuite> <!-- SeleniumEasyDemo.CheckBoxTest -->
