<?xml version="1.0" encoding="UTF-8"?>
<!-- Generated by org.testng.reporters.JUnitReportReporter -->
<testsuite hostname="ASHISH" failures="0" tests="2" name="SeleniumEasyDemo.BootstrapAlertsTest" time="15.172" errors="0" timestamp="2020-05-10T19:52:05 IST" skipped="0">
  <testcase classname="SeleniumEasyDemo.BootstrapAlertsTest" name="autoAlert" time="7.109"/>
  <system-out/>
  <testcase classname="SeleniumEasyDemo.BootstrapAlertsTest" name="normalAlert" time="8.063"/>
  <system-out/>
</testsuite> <!-- SeleniumEasyDemo.BootstrapAlertsTest -->
