<?xml version="1.0" encoding="UTF-8"?>
<!-- Generated by org.testng.reporters.JUnitReportReporter -->
<testsuite hostname="ASHISH" failures="0" tests="2" name="SeleniumEasyDemo.BootstrapModals" time="9.403" errors="0" timestamp="2020-05-10T20:30:38 IST" skipped="1">
  <testcase classname="SeleniumEasyDemo.BootstrapModals" name="multipleModal" time="9.403"/>
  <system-out/>
  <testcase classname="SeleniumEasyDemo.BootstrapModals" name="singleModal">
    <skipped/>
  </testcase> <!-- singleModal -->
  <system-out/>
</testsuite> <!-- SeleniumEasyDemo.BootstrapModals -->
