<?xml version="1.0" encoding="UTF-8"?>
<!-- Generated by org.testng.reporters.JUnitReportReporter -->
<testsuite hostname="ASHISH" failures="0" tests="3" name="SeleniumEasyDemo.JavaScriptAlertBoxTest" time="22.376" errors="0" timestamp="2020-05-09T16:33:39 IST" skipped="0">
  <testcase classname="SeleniumEasyDemo.JavaScriptAlertBoxTest" name="alertBoxTest" time="7.166"/>
  <system-out/>
  <testcase classname="SeleniumEasyDemo.JavaScriptAlertBoxTest" name="promptBox" time="8.170"/>
  <system-out/>
  <testcase classname="SeleniumEasyDemo.JavaScriptAlertBoxTest" name="confirmBox" time="7.040"/>
  <system-out/>
</testsuite> <!-- SeleniumEasyDemo.JavaScriptAlertBoxTest -->
