<?xml version="1.0" encoding="UTF-8"?>
<!-- Generated by org.testng.reporters.JUnitReportReporter -->
<testsuite hostname="ASHISH" failures="0" tests="2" name="SeleniumEasyDemo.InputFormTest" time="98.030" errors="0" timestamp="2020-05-07T17:15:15 IST" skipped="0">
  <testcase classname="SeleniumEasyDemo.InputFormTest" name="enterTotal" time="61.981"/>
  <system-out/>
  <testcase classname="SeleniumEasyDemo.InputFormTest" name="enterMessage" time="36.049"/>
  <system-out/>
</testsuite> <!-- SeleniumEasyDemo.InputFormTest -->
